<?xml version="1.0" encoding="UTF-8"?>
<robot generator="Robot 7.2 (Python 3.13.1 on darwin)" generated="2025-01-30T19:38:07.658166" rpa="false" schemaversion="5">
<suite id="s1" name="Login" source="/Users/macbook/QAx/projects/smartbit-robot/tests/login.robot">
<test id="s1-t1" name="Deve logar como gestor de Academia" line="10">
<kw name="Start session" owner="Base" type="SETUP">
<kw name="New Browser" owner="Browser">
<msg time="2025-01-30T19:38:08.073855" level="INFO">{"browser": "chromium", "headless": false, "chromiumSandbox": false, "devtools": false, "handleSIGHUP": true, "handleSIGINT": true, "handleSIGTERM": true, "slowMo": 0.0, "timeout": 30000.0, "tracesDir": "/Users/macbook/QAx/projects/smartbit-robot/logs/browser/traces/temp/9b87fd5a-d1e0-42c0-80dc-efd20c0e2dd7"}</msg>
<msg time="2025-01-30T19:38:08.125111" level="INFO">Starting Browser process /usr/local/lib/python3.13/site-packages/Browser/wrapper/index.js using port 60630</msg>
<msg time="2025-01-30T19:38:08.125406" level="INFO">Node startup parameters: ['node', '/usr/local/lib/python3.13/site-packages/Browser/wrapper/index.js', '60630']</msg>
<msg time="2025-01-30T19:38:10.614693" level="INFO">Successfully created browser with options: {"browser":"chromium","headless":false,"chromiumSandbox":false,"devtools":false,"handleSIGHUP":true,"handleSIGINT":true,"handleSIGTERM":true,"slowMo":0,"timeout":30000,"tracesDir":"/Users/macbook/QAx/projects/smartbit-robot/logs/browser/traces/temp/9b87fd5a-d1e0-42c0-80dc-efd20c0e2dd7"}</msg>
<arg>browser=chromium</arg>
<arg>headless=False</arg>
<tag>BrowserControl</tag>
<tag>Setter</tag>
<doc>Create a new playwright Browser with specified options.</doc>
<status status="PASS" start="2025-01-30T19:38:08.072859" elapsed="2.542385"/>
</kw>
<kw name="New Page" owner="Browser">
<msg time="2025-01-30T19:38:12.224899" level="INFO">Successfully initialized new page object and opened url: http://localhost:3000</msg>
<msg time="2025-01-30T19:38:12.225000" level="INFO">No context was open. New context was automatically opened when this page is created.</msg>
<arg>http://localhost:3000</arg>
<tag>BrowserControl</tag>
<tag>Setter</tag>
<doc>Open a new Page.</doc>
<status status="PASS" start="2025-01-30T19:38:10.615927" elapsed="1.609317"/>
</kw>
<status status="PASS" start="2025-01-30T19:38:08.071904" elapsed="4.153581"/>
</kw>
<kw name="Go to login page" owner="Login">
<kw name="Go To" owner="Browser">
<msg time="2025-01-30T19:38:12.461027" level="INFO">Successfully opened URL http://localhost:3000/login</msg>
<arg>http://localhost:3000/login</arg>
<tag>BrowserControl</tag>
<tag>Setter</tag>
<doc>Navigates to the given ``url``.</doc>
<status status="PASS" start="2025-01-30T19:38:12.226585" elapsed="0.234734"/>
</kw>
<status status="PASS" start="2025-01-30T19:38:12.225971" elapsed="0.235697"/>
</kw>
<kw name="Submit login form" owner="Login">
<kw name="Fill Text" owner="Browser">
<msg time="2025-01-30T19:38:12.465088" level="INFO">Fills the text 'sac@smartbit.com' in the given field.</msg>
<arg>css=input[name=email]</arg>
<arg>${email}</arg>
<tag>PageContent</tag>
<tag>Setter</tag>
<doc>Clears and fills the given ``txt`` into the text field found by ``selector``.</doc>
<status status="PASS" start="2025-01-30T19:38:12.464069" elapsed="0.059180"/>
</kw>
<kw name="Fill Text" owner="Browser">
<msg time="2025-01-30T19:38:12.524256" level="INFO">Fills the text 'pwd123' in the given field.</msg>
<arg>css=input[id=password]</arg>
<arg>${password}</arg>
<tag>PageContent</tag>
<tag>Setter</tag>
<doc>Clears and fills the given ``txt`` into the text field found by ``selector``.</doc>
<status status="PASS" start="2025-01-30T19:38:12.523512" elapsed="0.090188"/>
</kw>
<kw name="Click" owner="Browser">
<msg time="2025-01-30T19:38:12.615220" level="INFO">Clicks the element 'css=button &gt;&gt; text=Entrar'.</msg>
<arg>css=button &gt;&gt; text=Entrar</arg>
<tag>PageContent</tag>
<tag>Setter</tag>
<doc>Simulates mouse click on the element found by ``selector``.</doc>
<status status="PASS" start="2025-01-30T19:38:12.614052" elapsed="0.068106"/>
</kw>
<arg>sac@smartbit.com</arg>
<arg>pwd123</arg>
<status status="PASS" start="2025-01-30T19:38:12.463105" elapsed="0.219224"/>
</kw>
<kw name="User is logged in" owner="Login">
<kw name="Set Variable" owner="BuiltIn">
<msg time="2025-01-30T19:38:12.683949" level="INFO">${element} = css=.logged-user</msg>
<var>${element}</var>
<arg>css=.logged-user</arg>
<doc>Returns the given values which can then be assigned to a variables.</doc>
<status status="PASS" start="2025-01-30T19:38:12.683520" elapsed="0.000492"/>
</kw>
<kw name="Wait For Elements State" owner="Browser">
<msg time="2025-01-30T19:38:15.506385" level="INFO">Waited for Element with selector css=.logged-user at state visible</msg>
<arg>${element}</arg>
<arg>visible</arg>
<arg>5</arg>
<tag>PageContent</tag>
<tag>Wait</tag>
<doc>Waits for the element found by ``selector`` to satisfy state option.</doc>
<status status="PASS" start="2025-01-30T19:38:12.684288" elapsed="2.822343"/>
</kw>
<kw name="Get Text" owner="Browser">
<msg time="2025-01-30T19:38:15.538814" level="INFO">Text: 'sac@smartbit.com'</msg>
<arg>${element}</arg>
<arg>equal</arg>
<arg>${email}</arg>
<tag>Assertion</tag>
<tag>Getter</tag>
<tag>PageContent</tag>
<doc>Returns text attribute of the element found by ``selector``.</doc>
<status status="PASS" start="2025-01-30T19:38:15.506932" elapsed="0.032059"/>
</kw>
<arg>sac@smartbit.com</arg>
<status status="PASS" start="2025-01-30T19:38:12.682798" elapsed="2.856348"/>
</kw>
<kw name="Take Screenshot" owner="Browser" type="TEARDOWN">
<msg time="2025-01-30T19:38:15.656395" level="INFO" html="true">&lt;/td&gt;&lt;/tr&gt;&lt;tr&gt;&lt;td colspan="3"&gt;&lt;a href="browser/screenshot/robotframework-browser-screenshot-1.png" target="_blank"&gt;&lt;img src="browser/screenshot/robotframework-browser-screenshot-1.png" width="800px"/&gt;&lt;/a&gt;</msg>
<tag>PageContent</tag>
<doc>Takes a screenshot of the current window or element and saves it to disk.</doc>
<status status="PASS" start="2025-01-30T19:38:15.539568" elapsed="0.117039"/>
</kw>
<msg time="2025-01-30T19:38:15.660556" level="INFO">Set timeout to: 10000</msg>
<msg time="2025-01-30T19:38:15.678387" level="INFO">Switching context to context=3db69a60-9642-4a91-8e20-36a7295c487d in CURRENT</msg>
<msg time="2025-01-30T19:38:15.690132" level="INFO">Successfully changed active context: context=3db69a60-9642-4a91-8e20-36a7295c487d</msg>
<msg time="2025-01-30T19:38:15.736688" level="INFO">Successfully closed Context</msg>
<status status="PASS" start="2025-01-30T19:38:08.070905" elapsed="7.585927"/>
</test>
<doc>Cenários de testes do login SAC</doc>
<status status="PASS" start="2025-01-30T19:38:07.659729" elapsed="8.078639"/>
</suite>
<statistics>
<total>
<stat pass="1" fail="0" skip="0">All Tests</stat>
</total>
<tag>
</tag>
<suite>
<stat name="Login" id="s1" pass="1" fail="0" skip="0">Login</stat>
</suite>
</statistics>
<errors>
</errors>
</robot>
