<?xml version="1.0" encoding="UTF-8"?>
<robot generator="Robot 7.2 (Python 3.13.1 on darwin)" generated="2025-03-25T20:28:29.944406" rpa="false" schemaversion="5">
<suite id="s1" name="Enrolls" source="/Users/macbook/QAx/projects/smartbit-robot/tests/enrolls.robot">
<test id="s1-t1" name="Deve poder realizar uma nova adesão" line="10">
<kw name="Start session" owner="Base" type="SETUP">
<kw name="New Browser" owner="Browser">
<msg time="2025-03-25T20:28:30.358396" level="INFO">{"browser": "chromium", "headless": false, "chromiumSandbox": false, "devtools": false, "handleSIGHUP": true, "handleSIGINT": true, "handleSIGTERM": true, "slowMo": 0.0, "timeout": 30000.0, "tracesDir": "/Users/macbook/QAx/projects/smartbit-robot/logs/browser/traces/temp/510b0bdb-a13d-4704-a6a7-61bf09a170ff"}</msg>
<msg time="2025-03-25T20:28:30.411283" level="INFO">Starting Browser process /usr/local/lib/python3.13/site-packages/Browser/wrapper/index.js using port 62928</msg>
<msg time="2025-03-25T20:28:30.411581" level="INFO">Node startup parameters: ['node', '/usr/local/lib/python3.13/site-packages/Browser/wrapper/index.js', '62928']</msg>
<msg time="2025-03-25T20:28:32.998260" level="INFO">Successfully created browser with options: {"browser":"chromium","headless":false,"chromiumSandbox":false,"devtools":false,"handleSIGHUP":true,"handleSIGINT":true,"handleSIGTERM":true,"slowMo":0,"timeout":30000,"tracesDir":"/Users/macbook/QAx/projects/smartbit-robot/logs/browser/traces/temp/510b0bdb-a13d-4704-a6a7-61bf09a170ff"}</msg>
<arg>browser=chromium</arg>
<arg>headless=False</arg>
<tag>BrowserControl</tag>
<tag>Setter</tag>
<doc>Create a new playwright Browser with specified options.</doc>
<status status="PASS" start="2025-03-25T20:28:30.357400" elapsed="2.641389"/>
</kw>
<kw name="New Page" owner="Browser">
<msg time="2025-03-25T20:28:34.663088" level="INFO">Successfully initialized new page object and opened url: http://localhost:3000</msg>
<msg time="2025-03-25T20:28:34.663190" level="INFO">No context was open. New context was automatically opened when this page is created.</msg>
<arg>http://localhost:3000</arg>
<tag>BrowserControl</tag>
<tag>Setter</tag>
<doc>Open a new Page.</doc>
<status status="PASS" start="2025-03-25T20:28:32.999567" elapsed="1.663950"/>
</kw>
<status status="PASS" start="2025-03-25T20:28:30.356450" elapsed="4.307365"/>
</kw>
<kw name="Go to login page" owner="Login">
<kw name="Go To" owner="Browser">
<msg time="2025-03-25T20:28:34.896537" level="INFO">Successfully opened URL http://localhost:3000/login</msg>
<arg>http://localhost:3000/login</arg>
<tag>BrowserControl</tag>
<tag>Setter</tag>
<doc>Navigates to the given ``url``.</doc>
<status status="PASS" start="2025-03-25T20:28:34.665274" elapsed="0.231635"/>
</kw>
<status status="PASS" start="2025-03-25T20:28:34.664513" elapsed="0.232703"/>
</kw>
<kw name="Submit login form" owner="Login">
<kw name="Fill Text" owner="Browser">
<msg time="2025-03-25T20:28:34.900392" level="INFO">Fills the text 'sac@smartbit.com' in the given field.</msg>
<arg>css=input[name=email]</arg>
<arg>${email}</arg>
<tag>PageContent</tag>
<tag>Setter</tag>
<doc>Clears and fills the given ``txt`` into the text field found by ``selector``.</doc>
<status status="PASS" start="2025-03-25T20:28:34.899512" elapsed="0.054829"/>
</kw>
<kw name="Fill Text" owner="Browser">
<msg time="2025-03-25T20:28:34.955918" level="INFO">Fills the text 'pwd123' in the given field.</msg>
<arg>css=input[id=password]</arg>
<arg>${password}</arg>
<tag>PageContent</tag>
<tag>Setter</tag>
<doc>Clears and fills the given ``txt`` into the text field found by ``selector``.</doc>
<status status="PASS" start="2025-03-25T20:28:34.954905" elapsed="0.014371"/>
</kw>
<kw name="Click" owner="Browser">
<msg time="2025-03-25T20:28:34.970277" level="INFO">Clicks the element 'css=button &gt;&gt; text=Entrar'.</msg>
<arg>css=button &gt;&gt; text=Entrar</arg>
<tag>PageContent</tag>
<tag>Setter</tag>
<doc>Simulates mouse click on the element found by ``selector``.</doc>
<status status="PASS" start="2025-03-25T20:28:34.969551" elapsed="0.059197"/>
</kw>
<arg>sac@smartbit.com</arg>
<arg>pwd123</arg>
<status status="PASS" start="2025-03-25T20:28:34.898175" elapsed="0.130737"/>
</kw>
<kw name="User is logged in" owner="Accounts">
<kw name="Set Variable" owner="BuiltIn">
<msg time="2025-03-25T20:28:35.030151" level="INFO">${element} = css=.logged-user</msg>
<var>${element}</var>
<arg>css=.logged-user</arg>
<doc>Returns the given values which can then be assigned to a variables.</doc>
<status status="PASS" start="2025-03-25T20:28:35.029810" elapsed="0.000391"/>
</kw>
<kw name="Wait For Elements State" owner="Browser">
<msg time="2025-03-25T20:28:38.365423" level="INFO">Waited for Element with selector css=.logged-user at state visible</msg>
<arg>${element}</arg>
<arg>visible</arg>
<arg>10</arg>
<tag>PageContent</tag>
<tag>Wait</tag>
<doc>Waits for the element found by ``selector`` to satisfy state option.</doc>
<status status="PASS" start="2025-03-25T20:28:35.030417" elapsed="3.335293"/>
</kw>
<kw name="Get Text" owner="Browser">
<msg time="2025-03-25T20:28:38.399497" level="INFO">Text: 'sac@smartbit.com'</msg>
<arg>${element}</arg>
<arg>equal</arg>
<arg>${email}</arg>
<tag>Assertion</tag>
<tag>Getter</tag>
<tag>PageContent</tag>
<doc>Returns text attribute of the element found by ``selector``.</doc>
<status status="PASS" start="2025-03-25T20:28:38.366080" elapsed="0.033592"/>
</kw>
<arg>sac@smartbit.com</arg>
<status status="PASS" start="2025-03-25T20:28:35.029248" elapsed="3.370585"/>
</kw>
<kw name="Go to Enrolls">
<kw name="Click" owner="Browser">
<msg time="2025-03-25T20:28:38.401206" level="INFO">Clicks the element 'css=a[href='/memberships']'.</msg>
<arg>css=a[href='/memberships']</arg>
<tag>PageContent</tag>
<tag>Setter</tag>
<doc>Simulates mouse click on the element found by ``selector``.</doc>
<status status="PASS" start="2025-03-25T20:28:38.400613" elapsed="0.188503"/>
</kw>
<kw name="Wait For Elements State" owner="Browser">
<msg time="2025-03-25T20:28:38.599467" level="INFO">Waited for Element with selector css=h1 &gt;&gt; text=Matrículas at state visible</msg>
<arg>css=h1 &gt;&gt; text=Matrículas</arg>
<arg>visible</arg>
<arg>5</arg>
<tag>PageContent</tag>
<tag>Wait</tag>
<doc>Waits for the element found by ``selector`` to satisfy state option.</doc>
<status status="PASS" start="2025-03-25T20:28:38.589689" elapsed="0.009994"/>
</kw>
<status status="PASS" start="2025-03-25T20:28:38.400159" elapsed="0.199680"/>
</kw>
<kw name="Go to Enroll form">
<kw name="Click" owner="Browser">
<msg time="2025-03-25T20:28:38.601193" level="INFO">Clicks the element 'css=a[href='/memberships/new']'.</msg>
<arg>css=a[href='/memberships/new']</arg>
<tag>PageContent</tag>
<tag>Setter</tag>
<doc>Simulates mouse click on the element found by ``selector``.</doc>
<status status="PASS" start="2025-03-25T20:28:38.600596" elapsed="0.207914"/>
</kw>
<kw name="Wait For Elements State" owner="Browser">
<msg time="2025-03-25T20:28:38.820823" level="INFO">Waited for Element with selector css=h1 &gt;&gt; text=Nova matrícula at state visible</msg>
<arg>css=h1 &gt;&gt; text=Nova matrícula</arg>
<arg>visible</arg>
<arg>5</arg>
<tag>PageContent</tag>
<tag>Wait</tag>
<doc>Waits for the element found by ``selector`` to satisfy state option.</doc>
<status status="PASS" start="2025-03-25T20:28:38.808780" elapsed="0.012268"/>
</kw>
<status status="PASS" start="2025-03-25T20:28:38.600141" elapsed="0.221064"/>
</kw>
<kw name="Select account">
<kw name="Fill Text" owner="Browser">
<msg time="2025-03-25T20:28:38.823813" level="INFO">Fills the text 'Daniel Silva' in the given field.</msg>
<arg>css=input[aria-label='select_account']</arg>
<arg>${name}</arg>
<tag>PageContent</tag>
<tag>Setter</tag>
<doc>Clears and fills the given ``txt`` into the text field found by ``selector``.</doc>
<status status="PASS" start="2025-03-25T20:28:38.822856" elapsed="0.031808"/>
</kw>
<kw name="Click" owner="Browser">
<msg time="2025-03-25T20:28:38.855889" level="INFO">Clicks the element 'css=[data-testid='549.263.700-26']'.</msg>
<arg>css=[data-testid='${cpf}']</arg>
<tag>PageContent</tag>
<tag>Setter</tag>
<doc>Simulates mouse click on the element found by ``selector``.</doc>
<status status="PASS" start="2025-03-25T20:28:38.854993" elapsed="0.830945"/>
</kw>
<arg>Daniel Silva</arg>
<arg>549.263.700-26</arg>
<status status="PASS" start="2025-03-25T20:28:38.821874" elapsed="0.864344"/>
</kw>
<kw name="Take Screenshot" owner="Browser" type="TEARDOWN">
<msg time="2025-03-25T20:28:39.800303" level="INFO" html="true">&lt;/td&gt;&lt;/tr&gt;&lt;tr&gt;&lt;td colspan="3"&gt;&lt;a href="browser/screenshot/robotframework-browser-screenshot-1.png" target="_blank"&gt;&lt;img src="browser/screenshot/robotframework-browser-screenshot-1.png" width="800px"/&gt;&lt;/a&gt;</msg>
<tag>PageContent</tag>
<doc>Takes a screenshot of the current window or element and saves it to disk.</doc>
<status status="PASS" start="2025-03-25T20:28:39.686633" elapsed="0.113884"/>
</kw>
<msg time="2025-03-25T20:28:39.807045" level="INFO">Set timeout to: 10000</msg>
<msg time="2025-03-25T20:28:39.828848" level="INFO">Switching context to context=5b29b9b4-7c5a-4473-90ab-ce084d0868e2 in CURRENT</msg>
<msg time="2025-03-25T20:28:39.841943" level="INFO">Successfully changed active context: context=5b29b9b4-7c5a-4473-90ab-ce084d0868e2</msg>
<msg time="2025-03-25T20:28:39.938790" level="INFO">Successfully closed Context</msg>
<status status="PASS" start="2025-03-25T20:28:30.355417" elapsed="9.445284"/>
</test>
<doc>Suite de testes de adesões de planos</doc>
<status status="PASS" start="2025-03-25T20:28:29.946653" elapsed="9.993193"/>
</suite>
<statistics>
<total>
<stat pass="1" fail="0" skip="0">All Tests</stat>
</total>
<tag>
</tag>
<suite>
<stat name="Enrolls" id="s1" pass="1" fail="0" skip="0">Enrolls</stat>
</suite>
</statistics>
<errors>
</errors>
</robot>
