<?xml version="1.0" encoding="UTF-8"?>
<robot generator="Robot 7.2 (Python 3.13.1 on darwin)" generated="2025-01-30T19:42:37.187718" rpa="false" schemaversion="5">
<suite id="s1" name="Login" source="/Users/macbook/QAx/projects/smartbit-robot/tests/login.robot">
<test id="s1-t1" name="Deve logar como gestor de Academia" line="10">
<kw name="Start session" owner="Base" type="SETUP">
<kw name="New Browser" owner="Browser">
<msg time="2025-01-30T19:42:37.600002" level="INFO">{"browser": "chromium", "headless": false, "chromiumSandbox": false, "devtools": false, "handleSIGHUP": true, "handleSIGINT": true, "handleSIGTERM": true, "slowMo": 0.0, "timeout": 30000.0, "tracesDir": "/Users/macbook/QAx/projects/smartbit-robot/logs/browser/traces/temp/be988eeb-1b50-4e3a-9434-17e3a7aebab9"}</msg>
<msg time="2025-01-30T19:42:37.652756" level="INFO">Starting Browser process /usr/local/lib/python3.13/site-packages/Browser/wrapper/index.js using port 61734</msg>
<msg time="2025-01-30T19:42:37.653063" level="INFO">Node startup parameters: ['node', '/usr/local/lib/python3.13/site-packages/Browser/wrapper/index.js', '61734']</msg>
<msg time="2025-01-30T19:42:40.207378" level="INFO">Successfully created browser with options: {"browser":"chromium","headless":false,"chromiumSandbox":false,"devtools":false,"handleSIGHUP":true,"handleSIGINT":true,"handleSIGTERM":true,"slowMo":0,"timeout":30000,"tracesDir":"/Users/macbook/QAx/projects/smartbit-robot/logs/browser/traces/temp/be988eeb-1b50-4e3a-9434-17e3a7aebab9"}</msg>
<arg>browser=chromium</arg>
<arg>headless=False</arg>
<tag>BrowserControl</tag>
<tag>Setter</tag>
<doc>Create a new playwright Browser with specified options.</doc>
<status status="PASS" start="2025-01-30T19:42:37.599001" elapsed="2.608823"/>
</kw>
<kw name="New Page" owner="Browser">
<msg time="2025-01-30T19:42:41.827501" level="INFO">Successfully initialized new page object and opened url: http://localhost:3000</msg>
<msg time="2025-01-30T19:42:41.827604" level="INFO">No context was open. New context was automatically opened when this page is created.</msg>
<arg>http://localhost:3000</arg>
<tag>BrowserControl</tag>
<tag>Setter</tag>
<doc>Open a new Page.</doc>
<status status="PASS" start="2025-01-30T19:42:40.208662" elapsed="1.619201"/>
</kw>
<status status="PASS" start="2025-01-30T19:42:37.598089" elapsed="4.230012"/>
</kw>
<kw name="Go to login page" owner="Login">
<kw name="Go To" owner="Browser">
<msg time="2025-01-30T19:42:42.062623" level="INFO">Successfully opened URL http://localhost:3000/login</msg>
<arg>http://localhost:3000/login</arg>
<tag>BrowserControl</tag>
<tag>Setter</tag>
<doc>Navigates to the given ``url``.</doc>
<status status="PASS" start="2025-01-30T19:42:41.829202" elapsed="0.234097"/>
</kw>
<status status="PASS" start="2025-01-30T19:42:41.828605" elapsed="0.235100"/>
</kw>
<kw name="Submit login form" owner="Login">
<kw name="Fill Text" owner="Browser">
<msg time="2025-01-30T19:42:42.068014" level="INFO">Fills the text 'sac@smartbit.com' in the given field.</msg>
<arg>css=input[name=email]</arg>
<arg>${email}</arg>
<tag>PageContent</tag>
<tag>Setter</tag>
<doc>Clears and fills the given ``txt`` into the text field found by ``selector``.</doc>
<status status="PASS" start="2025-01-30T19:42:42.066652" elapsed="0.056396"/>
</kw>
<kw name="Fill Text" owner="Browser">
<msg time="2025-01-30T19:42:42.124022" level="INFO">Fills the text 'pwd123' in the given field.</msg>
<arg>css=input[id=password]</arg>
<arg>${password}</arg>
<tag>PageContent</tag>
<tag>Setter</tag>
<doc>Clears and fills the given ``txt`` into the text field found by ``selector``.</doc>
<status status="PASS" start="2025-01-30T19:42:42.123310" elapsed="0.090310"/>
</kw>
<kw name="Click" owner="Browser">
<msg time="2025-01-30T19:42:42.214642" level="INFO">Clicks the element 'css=button &gt;&gt; text=Entrar'.</msg>
<arg>css=button &gt;&gt; text=Entrar</arg>
<tag>PageContent</tag>
<tag>Setter</tag>
<doc>Simulates mouse click on the element found by ``selector``.</doc>
<status status="PASS" start="2025-01-30T19:42:42.213898" elapsed="0.067175"/>
</kw>
<arg>sac@smartbit.com</arg>
<arg>pwd123</arg>
<status status="PASS" start="2025-01-30T19:42:42.065038" elapsed="0.216346"/>
</kw>
<kw name="User is logged in" owner="Accounts">
<kw name="Set Variable" owner="BuiltIn">
<msg time="2025-01-30T19:42:42.283083" level="INFO">${element} = css=.logged-user</msg>
<var>${element}</var>
<arg>css=.logged-user</arg>
<doc>Returns the given values which can then be assigned to a variables.</doc>
<status status="PASS" start="2025-01-30T19:42:42.282743" elapsed="0.000391"/>
</kw>
<kw name="Wait For Elements State" owner="Browser">
<msg time="2025-01-30T19:42:45.108110" level="INFO">Waited for Element with selector css=.logged-user at state visible</msg>
<arg>${element}</arg>
<arg>visible</arg>
<arg>5</arg>
<tag>PageContent</tag>
<tag>Wait</tag>
<doc>Waits for the element found by ``selector`` to satisfy state option.</doc>
<status status="PASS" start="2025-01-30T19:42:42.283395" elapsed="2.824954"/>
</kw>
<kw name="Get Text" owner="Browser">
<msg time="2025-01-30T19:42:45.140337" level="INFO">Text: 'sac@smartbit.com'</msg>
<arg>${element}</arg>
<arg>equal</arg>
<arg>${email}</arg>
<tag>Assertion</tag>
<tag>Getter</tag>
<tag>PageContent</tag>
<doc>Returns text attribute of the element found by ``selector``.</doc>
<status status="PASS" start="2025-01-30T19:42:45.108665" elapsed="0.031844"/>
</kw>
<arg>sac@smartbit.com</arg>
<status status="PASS" start="2025-01-30T19:42:42.282118" elapsed="2.858546"/>
</kw>
<kw name="Take Screenshot" owner="Browser" type="TEARDOWN">
<msg time="2025-01-30T19:42:45.255529" level="INFO" html="true">&lt;/td&gt;&lt;/tr&gt;&lt;tr&gt;&lt;td colspan="3"&gt;&lt;a href="browser/screenshot/robotframework-browser-screenshot-1.png" target="_blank"&gt;&lt;img src="browser/screenshot/robotframework-browser-screenshot-1.png" width="800px"/&gt;&lt;/a&gt;</msg>
<tag>PageContent</tag>
<doc>Takes a screenshot of the current window or element and saves it to disk.</doc>
<status status="PASS" start="2025-01-30T19:42:45.141078" elapsed="0.114651"/>
</kw>
<msg time="2025-01-30T19:42:45.259379" level="INFO">Set timeout to: 10000</msg>
<msg time="2025-01-30T19:42:45.277646" level="INFO">Switching context to context=c34e1526-eaa6-4f6b-88e0-a8e45954db74 in CURRENT</msg>
<msg time="2025-01-30T19:42:45.289546" level="INFO">Successfully changed active context: context=c34e1526-eaa6-4f6b-88e0-a8e45954db74</msg>
<msg time="2025-01-30T19:42:45.349295" level="INFO">Successfully closed Context</msg>
<status status="PASS" start="2025-01-30T19:42:37.597137" elapsed="7.658800"/>
</test>
<doc>Cenários de testes do login SAC</doc>
<status status="PASS" start="2025-01-30T19:42:37.189331" elapsed="8.162404"/>
</suite>
<statistics>
<total>
<stat pass="1" fail="0" skip="0">All Tests</stat>
</total>
<tag>
</tag>
<suite>
<stat name="Login" id="s1" pass="1" fail="0" skip="0">Login</stat>
</suite>
</statistics>
<errors>
</errors>
</robot>
